android/build/outputs/logs/manifest-merger-debug-report.txt
-- Merging decision tree log ---
manifest
ADDED from KillThePlayerInterface\android\AndroidManifest.xml:2:1-22:12
INJECTED from KillThePlayerInterface\android\AndroidManifest.xml:2:1-22:12
INJECTED from KillThePlayerInterface\android\AndroidManifest.xml:2:1-22:12
INJECTED from KillThePlayerInterface\android\AndroidManifest.xml:2:1-22:12
INJECTED from KillThePlayerInterface\android\AndroidManifest.xml:2:1-22:12
INJECTED from KillThePlayerInterface\android\AndroidManifest.xml:2:1-22:12
INJECTED from KillThePlayerInterface\android\AndroidManifest.xml:2:1-22:12
	package
		ADDED from KillThePlayerInterface\android\AndroidManifest.xml:3:5-35
		INJECTED from KillThePlayerInterface\android\AndroidManifest.xml
		INJECTED from KillThePlayerInterface\android\AndroidManifest.xml
	android:versionName
		INJECTED from KillThePlayerInterface\android\AndroidManifest.xml
		ADDED from KillThePlayerInterface\android\AndroidManifest.xml:2:1-22:12
		INJECTED from KillThePlayerInterface\android\AndroidManifest.xml
	android:versionCode
		INJECTED from KillThePlayerInterface\android\AndroidManifest.xml
		ADDED from KillThePlayerInterface\android\AndroidManifest.xml:2:1-22:12
		INJECTED from KillThePlayerInterface\android\AndroidManifest.xml
	xmlns:android
		ADDED from KillThePlayerInterface\android\AndroidManifest.xml:2:11-69
application
ADDED from KillThePlayerInterface\android\AndroidManifest.xml:5:5-20:19
	android:label
		ADDED from KillThePlayerInterface\android\AndroidManifest.xml:8:13-45
	android:icon
		ADDED from KillThePlayerInterface\android\AndroidManifest.xml:7:13-49
	android:allowBackup
		ADDED from KillThePlayerInterface\android\AndroidManifest.xml:6:13-39
	android:theme
		ADDED from KillThePlayerInterface\android\AndroidManifest.xml:9:13-44
activity#fr.leroideskiwis.ktp.AndroidLauncher
ADDED from KillThePlayerInterface\android\AndroidManifest.xml:10:9-19:20
	android:screenOrientation
		ADDED from KillThePlayerInterface\android\AndroidManifest.xml:13:17-54
	android:label
		ADDED from KillThePlayerInterface\android\AndroidManifest.xml:12:17-49
	android:configChanges
		ADDED from KillThePlayerInterface\android\AndroidManifest.xml:14:17-87
	android:name
		ADDED from KillThePlayerInterface\android\AndroidManifest.xml:11:17-68
intent-filter#action:name:android.intent.action.MAIN+category:name:android.intent.category.LAUNCHER
ADDED from KillThePlayerInterface\android\AndroidManifest.xml:15:13-18:29
action#android.intent.action.MAIN
ADDED from KillThePlayerInterface\android\AndroidManifest.xml:16:17-69
	android:name
		ADDED from KillThePlayerInterface\android\AndroidManifest.xml:16:25-66
category#android.intent.category.LAUNCHER
ADDED from KillThePlayerInterface\android\AndroidManifest.xml:17:17-77
	android:name
		ADDED from KillThePlayerInterface\android\AndroidManifest.xml:17:27-74
uses-sdk
INJECTED from KillThePlayerInterface\android\AndroidManifest.xml reason: use-sdk injection requested
INJECTED from KillThePlayerInterface\android\AndroidManifest.xml
INJECTED from KillThePlayerInterface\android\AndroidManifest.xml
INJECTED from KillThePlayerInterface\android\AndroidManifest.xml
INJECTED from KillThePlayerInterface\android\AndroidManifest.xml
	android:targetSdkVersion
		INJECTED from KillThePlayerInterface\android\AndroidManifest.xml
		ADDED from KillThePlayerInterface\android\AndroidManifest.xml
		INJECTED from KillThePlayerInterface\android\AndroidManifest.xml
	android:minSdkVersion
		INJECTED from KillThePlayerInterface\android\AndroidManifest.xml
		ADDED from KillThePlayerInterface\android\AndroidManifest.xml
		INJECTED from KillThePlayerInterface\android\AndroidManifest.xml